C:\Program Files\Microsoft Visual Studio\2022\Community\MSBuild\Microsoft\VC\v170\Microsoft.CppBuild.targets(531,5): warning MSB8028: El directorio intermedio (x64\Debug\) contiene archivos compartidos de otro proyecto (PlanB.vcxproj). Esto puede dar lugar a un comportamiento incorrecto de limpieza y recompilación.
  Main.cpp
C:\Users\Predator\Desktop\PGProyect\PGProyect\Main.cpp(5,1): warning C4005: 'GLEW_STATIC': redefinición de macro
  C:\Users\Predator\Desktop\PGProyect\PGProyect\Main.cpp(5,1):
  'GLEW_STATIC' declarado previamente en la línea de comandos
  
C:\Users\Predator\Desktop\PGProyect\PGProyect\Mesh.h(88,57): warning C4267: 'argumento': conversión de 'size_t' a 'GLsizei'; posible pérdida de datos
  (compilando archivo de origen "Main.cpp")
  
C:\Users\Predator\Desktop\PGProyect\PGProyect\Main.cpp(105,30): warning C4244: 'inicializando': conversión de 'double' a 'GLfloat'; posible pérdida de datos
C:\Users\Predator\Desktop\PGProyect\PGProyect\Main.cpp(188,17): warning C4244: '=': conversión de 'double' a 'GLfloat'; posible pérdida de datos
C:\Users\Predator\Desktop\PGProyect\PGProyect\Main.cpp(189,17): warning C4244: '=': conversión de 'double' a 'GLfloat'; posible pérdida de datos
C:\Users\Predator\Desktop\PGProyect\PGProyect\Main.cpp(193,21): warning C4244: 'inicializando': conversión de 'double' a 'GLfloat'; posible pérdida de datos
C:\Users\Predator\Desktop\PGProyect\PGProyect\Main.cpp(194,21): warning C4244: 'inicializando': conversión de 'double' a 'GLfloat'; posible pérdida de datos
C:\Users\Predator\Desktop\PGProyect\PGProyect\Main.cpp(196,13): warning C4244: '=': conversión de 'double' a 'GLfloat'; posible pérdida de datos
C:\Users\Predator\Desktop\PGProyect\PGProyect\Main.cpp(197,13): warning C4244: '=': conversión de 'double' a 'GLfloat'; posible pérdida de datos
glew32s.lib(glew.obj) : warning LNK4099: no se encontró PDB '' con 'glew32s.lib(glew.obj)' o en ''; se vinculará el objeto sin tener en cuenta información de depuración
LINK : warning LNK4098: la biblioteca predeterminada'MSVCRT' entra en conflicto con otras bibliotecas; use la biblioteca /NODEFAULTLIB:biblioteca
LINK : warning LNK4098: la biblioteca predeterminada'LIBCMT' entra en conflicto con otras bibliotecas; use la biblioteca /NODEFAULTLIB:biblioteca
Main.obj : error LNK2019: símbolo externo SOIL_load_image sin resolver al que se hace referencia en la función "int __cdecl TextureFromFile(char const *,class std::basic_string<char,struct std::char_traits<char>,class std::allocator<char> >)" (?TextureFromFile@@YAHPEBDV?$basic_string@DU?$char_traits@D@std@@V?$allocator@D@2@@std@@@Z)
Main.obj : error LNK2019: símbolo externo SOIL_free_image_data sin resolver al que se hace referencia en la función "int __cdecl TextureFromFile(char const *,class std::basic_string<char,struct std::char_traits<char>,class std::allocator<char> >)" (?TextureFromFile@@YAHPEBDV?$basic_string@DU?$char_traits@D@std@@V?$allocator@D@2@@std@@@Z)
C:\Users\Predator\Desktop\PGProyect\x64\Debug\PGProyect.exe : fatal error LNK1120: 2 externos sin resolver
